0 info it worked if it ends with ok
1 verbose cli [ 'C:\\Program Files\\nodejs\\node.exe',
1 verbose cli   'C:\\Program Files\\nodejs\\node_modules\\npm\\bin\\npm-cli.js',
1 verbose cli   'run',
1 verbose cli   'start',
1 verbose cli   '--scripts-prepend-node-path=auto' ]
2 info using npm@3.10.10
3 info using node@v6.9.4
4 verbose run-script [ 'prestart', 'start', 'poststart' ]
5 info lifecycle express@1.0.0~prestart: express@1.0.0
6 silly lifecycle express@1.0.0~prestart: no script for prestart, continuing
7 info lifecycle express@1.0.0~start: express@1.0.0
8 verbose lifecycle express@1.0.0~start: unsafe-perm in lifecycle true
9 verbose lifecycle express@1.0.0~start: PATH: C:\Program Files\nodejs\node_modules\npm\bin\node-gyp-bin;E:\work\drweb\pc\nodejsSever\node_modules\.bin;C:\Program Files\Java\jdk-9.0.4\bin;C:\ProgramData\Oracle\Java\javapath;C:\Python27\;C:\Python27\Scripts;D:\Tools\RailsInstaller\Git\cmd;D:\Tools\RailsInstaller\Ruby2.3.0\bin;.;C:\Program Files\Java\jdk-9.0.4\bin;C:\Program Files\Java\jdk1.7.0_67\bin;C:\Program Files\Java\jdk-9.0.4\bin;C:\Program Files\Java\jdk1.7.0_67\jre\bin;C:\Windows\system32;C:\Windows;C:\Windows\System32\Wbem;C:\Windows\System32\WindowsPowerShell\v1.0\;C:\Program Files\TortoiseSVN\bin;C:\Program Files\SlikSvn\bin;C:\Users\DELL\AppData\Local\Programs\Python\Python35;C:\Program Files\nodejs\;C:\Program Files\Git\cmd;D:\phantomjs\bin;D:\casperjs\bin;C:\Program Files\Java\jdk1.7.0_67\bin;D:\apache-tomcat-8.0.50-windows-x64\apache-tomcat-8.0.50;\bin;D:\apache-tomcat-8.0.50-windows-x64\apache-tomcat-8.0.50\bin;C:\Program Files\Java\jdk-9.0.4\bin;C:\Users\kaifa\AppData\Roaming\npm;C:\Users\kaifa\AppData\Local\Programs\Fiddler;C:\Program Files\Java\jdk1.7.0_67\bin;
10 verbose lifecycle express@1.0.0~start: CWD: E:\work\drweb\pc\nodejsSever
11 silly lifecycle express@1.0.0~start: Args: [ '/d /s /c',
11 silly lifecycle   'cross-env NODE_ENV=dev supervisor -w server,nohup app.js & -e css,njk,js,html app' ]
12 silly lifecycle express@1.0.0~start: Returned: code: 1  signal: null
13 info lifecycle express@1.0.0~start: Failed to exec start script
14 verbose stack Error: express@1.0.0 start: `cross-env NODE_ENV=dev supervisor -w server,nohup app.js & -e css,njk,js,html app`
14 verbose stack Exit status 1
14 verbose stack     at EventEmitter.<anonymous> (C:\Program Files\nodejs\node_modules\npm\lib\utils\lifecycle.js:255:16)
14 verbose stack     at emitTwo (events.js:106:13)
14 verbose stack     at EventEmitter.emit (events.js:191:7)
14 verbose stack     at ChildProcess.<anonymous> (C:\Program Files\nodejs\node_modules\npm\lib\utils\spawn.js:40:14)
14 verbose stack     at emitTwo (events.js:106:13)
14 verbose stack     at ChildProcess.emit (events.js:191:7)
14 verbose stack     at maybeClose (internal/child_process.js:877:16)
14 verbose stack     at Process.ChildProcess._handle.onexit (internal/child_process.js:226:5)
15 verbose pkgid express@1.0.0
16 verbose cwd E:\work\drweb\pc\nodejsSever
17 error Windows_NT 6.1.7601
18 error argv "C:\\Program Files\\nodejs\\node.exe" "C:\\Program Files\\nodejs\\node_modules\\npm\\bin\\npm-cli.js" "run" "start" "--scripts-prepend-node-path=auto"
19 error node v6.9.4
20 error npm  v3.10.10
21 error code ELIFECYCLE
22 error express@1.0.0 start: `cross-env NODE_ENV=dev supervisor -w server,nohup app.js & -e css,njk,js,html app`
22 error Exit status 1
23 error Failed at the express@1.0.0 start script 'cross-env NODE_ENV=dev supervisor -w server,nohup app.js & -e css,njk,js,html app'.
23 error Make sure you have the latest version of node.js and npm installed.
23 error If you do, this is most likely a problem with the express package,
23 error not with npm itself.
23 error Tell the author that this fails on your system:
23 error     cross-env NODE_ENV=dev supervisor -w server,nohup app.js & -e css,njk,js,html app
23 error You can get information on how to open an issue for this project with:
23 error     npm bugs express
23 error Or if that isn't available, you can get their info via:
23 error     npm owner ls express
23 error There is likely additional logging output above.
24 verbose exit [ 1, true ]
