0 info it worked if it ends with ok
1 verbose cli [ 'C:\\Program Files\\nodejs\\node.exe',
1 verbose cli   'C:\\Program Files\\nodejs\\node_modules\\npm\\bin\\npm-cli.js',
1 verbose cli   'run',
1 verbose cli   'build' ]
2 info using npm@3.10.10
3 info using node@v6.9.4
4 verbose run-script [ 'prebuild', 'build', 'postbuild' ]
5 info lifecycle @~prebuild: @
6 silly lifecycle @~prebuild: no script for prebuild, continuing
7 info lifecycle @~build: @
8 verbose lifecycle @~build: unsafe-perm in lifecycle true
9 verbose lifecycle @~build: PATH: C:\Program Files\nodejs\node_modules\npm\bin\node-gyp-bin;E:\work\drweb\pc\nodejsSever\static\activity\app\2018\05\noviceOnlyEnjoy\node_modules\.bin;C:\Users\kaifa\bin;C:\Program Files\Git\mingw64\bin;C:\Program Files\Git\usr\local\bin;C:\Program Files\Git\usr\bin;C:\Program Files\Git\usr\bin;C:\Program Files\Git\mingw64\bin;C:\Program Files\Git\usr\bin;C:\Users\kaifa\bin;C:\Program Files\Java\jdk-9.0.4\bin;C:\ProgramData\Oracle\Java\javapath;C:\Python27;C:\Python27\Scripts;D:\Tools\RailsInstaller\Git\cmd;D:\Tools\RailsInstaller\Ruby2.3.0\bin;.;C:\Program Files\Java\jdk-9.0.4\bin;C:\Program Files\Java\jdk1.7.0_67\bin;C:\Program Files\Java\jdk-9.0.4\bin;C:\Program Files\Java\jdk1.7.0_67\jre\bin;C:\Windows\system32;C:\Windows;C:\Windows\System32\Wbem;C:\Windows\System32\WindowsPowerShell\v1.0;C:\Program Files\TortoiseSVN\bin;C:\Program Files\SlikSvn\bin;C:\Users\DELL\AppData\Local\Programs\Python\Python35;C:\Program Files\nodejs;C:\Program Files\Git\cmd;D:\phantomjs\bin;D:\casperjs\bin;C:\Program Files\Java\jdk1.7.0_67\bin;D:\apache-tomcat-8.0.50-windows-x64\apache-tomcat-8.0.50;E:\bin;D:\apache-tomcat-8.0.50-windows-x64\apache-tomcat-8.0.50\bin;C:\Program Files\Java\jdk-9.0.4\bin;C:\Users\kaifa\AppData\Roaming\npm;C:\Users\kaifa\AppData\Local\Programs\Fiddler;C:\Program Files\Java\jdk1.7.0_67\bin;C:\Program Files\Git\usr\bin\vendor_perl;C:\Program Files\Git\usr\bin\core_perl
10 verbose lifecycle @~build: CWD: E:\work\drweb\pc\nodejsSever\static\activity\app\2018\05\noviceOnlyEnjoy
11 silly lifecycle @~build: Args: [ '/d /s /c',
11 silly lifecycle   'set NODE_ENV=build&& webpack --progress --hide-modules --config webpack.config.js' ]
12 silly lifecycle @~build: Returned: code: 1  signal: null
13 info lifecycle @~build: Failed to exec build script
14 verbose stack Error: @ build: `set NODE_ENV=build&& webpack --progress --hide-modules --config webpack.config.js`
14 verbose stack Exit status 1
14 verbose stack     at EventEmitter.<anonymous> (C:\Program Files\nodejs\node_modules\npm\lib\utils\lifecycle.js:255:16)
14 verbose stack     at emitTwo (events.js:106:13)
14 verbose stack     at EventEmitter.emit (events.js:191:7)
14 verbose stack     at ChildProcess.<anonymous> (C:\Program Files\nodejs\node_modules\npm\lib\utils\spawn.js:40:14)
14 verbose stack     at emitTwo (events.js:106:13)
14 verbose stack     at ChildProcess.emit (events.js:191:7)
14 verbose stack     at maybeClose (internal/child_process.js:877:16)
14 verbose stack     at Process.ChildProcess._handle.onexit (internal/child_process.js:226:5)
15 verbose pkgid @
16 verbose cwd E:\work\drweb\pc\nodejsSever\static\activity\app\2018\05\noviceOnlyEnjoy
17 error Windows_NT 6.1.7601
18 error argv "C:\\Program Files\\nodejs\\node.exe" "C:\\Program Files\\nodejs\\node_modules\\npm\\bin\\npm-cli.js" "run" "build"
19 error node v6.9.4
20 error npm  v3.10.10
21 error code ELIFECYCLE
22 error @ build: `set NODE_ENV=build&& webpack --progress --hide-modules --config webpack.config.js`
22 error Exit status 1
23 error Failed at the @ build script 'set NODE_ENV=build&& webpack --progress --hide-modules --config webpack.config.js'.
23 error Make sure you have the latest version of node.js and npm installed.
23 error If you do, this is most likely a problem with the  package,
23 error not with npm itself.
23 error Tell the author that this fails on your system:
23 error     set NODE_ENV=build&& webpack --progress --hide-modules --config webpack.config.js
23 error You can get information on how to open an issue for this project with:
23 error     npm bugs
23 error Or if that isn't available, you can get their info via:
23 error     npm owner ls
23 error There is likely additional logging output above.
24 verbose exit [ 1, true ]
